<?xml version="1.0" encoding="UTF-8"?>
<!-- Generated by org.testng.reporters.JUnitReportReporter -->
<testsuite skipped="0" hostname="DESKTOP-067VPB8" name="ProductSearchRun.AddToWishlistRunclass" tests="1" failures="0" timestamp="2019-11-13T23:23:43 BDT" time="3.694" errors="0">
  <testcase name="Add_To_WishList" time="3.694" classname="ProductSearchRun.AddToWishlistRunclass"/>
</testsuite> <!-- ProductSearchRun.AddToWishlistRunclass -->
