<?xml version="1.0" encoding="UTF-8"?>
<!-- Generated by org.testng.reporters.JUnitReportReporter -->
<testsuite skipped="0" hostname="DESKTOP-067VPB8" name="FinalProject.FinalProjectAssignment.LogInPageRunClass" tests="1" failures="0" timestamp="2019-11-11T21:21:40 BDT" time="4.053" errors="0">
  <testcase name="Invalid_Password_login_Negative_Test" time="4.053" classname="FinalProject.FinalProjectAssignment.LogInPageRunClass"/>
</testsuite> <!-- FinalProject.FinalProjectAssignment.LogInPageRunClass -->
