<?xml version="1.0" encoding="UTF-8"?>
<!-- Generated by org.testng.reporters.JUnitReportReporter -->
<testsuite skipped="0" hostname="DESKTOP-067VPB8" name="ProductAddToCartFromWishlistPackageRun.ProductAddToCartFromWishlistRunclass" tests="1" failures="0" timestamp="2019-11-13T23:39:46 BDT" time="9.255" errors="0">
  <testcase name="Add_To_Cart_From_WishList" time="9.255" classname="ProductAddToCartFromWishlistPackageRun.ProductAddToCartFromWishlistRunclass"/>
</testsuite> <!-- ProductAddToCartFromWishlistPackageRun.ProductAddToCartFromWishlistRunclass -->
