<?xml version="1.0" encoding="UTF-8"?>
<!-- Generated by org.testng.reporters.JUnitReportReporter -->
<testsuite skipped="0" hostname="DESKTOP-067VPB8" name="FinalProject.FinalProjectAssignment.RegistrationPageRunClass" tests="1" failures="0" timestamp="2019-11-11T19:20:48 BDT" time="5.702" errors="0">
  <testcase name="CheckBox_Is_Not_Clicked__Negative_Test" time="5.702" classname="FinalProject.FinalProjectAssignment.RegistrationPageRunClass"/>
</testsuite> <!-- FinalProject.FinalProjectAssignment.RegistrationPageRunClass -->
