<?xml version="1.0" encoding="UTF-8"?>
<!-- Generated by org.testng.reporters.JUnitReportReporter -->
<testsuite skipped="0" hostname="DESKTOP-067VPB8" name="registrationAndLoginTest.RegistrationPageRunClass" tests="1" failures="0" timestamp="2019-11-14T23:41:27 BDT" time="7.769" errors="0">
  <testcase name="NewregistrationSuccess" time="7.769" classname="registrationAndLoginTest.RegistrationPageRunClass"/>
</testsuite> <!-- registrationAndLoginTest.RegistrationPageRunClass -->
