<?xml version="1.0" encoding="UTF-8"?>
<!-- Generated by org.testng.reporters.JUnitReportReporter -->
<testsuite skipped="0" hostname="DESKTOP-067VPB8" name="ProductSearchRun.ProductSearchRunClasstwo" tests="1" failures="0" timestamp="2019-11-13T23:10:46 BDT" time="2.481" errors="0">
  <testcase name="Product_Searching" time="2.481" classname="ProductSearchRun.ProductSearchRunClasstwo"/>
</testsuite> <!-- ProductSearchRun.ProductSearchRunClasstwo -->
