<?xml version="1.0" encoding="UTF-8"?>
<!-- Generated by org.testng.reporters.JUnitReportReporter -->
<testsuite skipped="0" hostname="DESKTOP-067VPB8" name="CountOfProductRunclass.CountOfProductRunclass" tests="2" failures="0" timestamp="2019-11-14T23:44:51 BDT" time="18.884" errors="0">
  <testcase name="Change_the_count_of_product_and_verify" time="7.595" classname="CountOfProductRunclass.CountOfProductRunclass"/>
  <testcase name="Add_To_Cart" time="11.289" classname="CountOfProductRunclass.CountOfProductRunclass"/>
</testsuite> <!-- CountOfProductRunclass.CountOfProductRunclass -->
