<?xml version="1.0" encoding="UTF-8"?>
<!-- Generated by org.testng.reporters.JUnitReportReporter -->
<testsuite skipped="0" hostname="DESKTOP-067VPB8" name="ProductAddToWishlistRun.AddToWishlistRunclass" tests="1" failures="0" timestamp="2019-11-13T23:25:39 BDT" time="2.409" errors="0">
  <testcase name="Add_To_WishList" time="2.409" classname="ProductAddToWishlistRun.AddToWishlistRunclass"/>
</testsuite> <!-- ProductAddToWishlistRun.AddToWishlistRunclass -->
