<?xml version="1.0" encoding="UTF-8"?>
<!-- Generated by org.testng.reporters.JUnitReportReporter -->
<testsuite skipped="0" hostname="DESKTOP-MV38J76" name="registrationAndLoginTest.LogInPageRunClass" tests="1" failures="0" timestamp="2020-03-22T19:57:30 BDT" time="9.651" errors="0">
  <testcase name="loginSuccess_Positive_Test" time="9.651" classname="registrationAndLoginTest.LogInPageRunClass"/>
  <system-out/>
</testsuite> <!-- registrationAndLoginTest.LogInPageRunClass -->
