<?xml version="1.0" encoding="UTF-8"?>
<!-- Generated by org.testng.reporters.JUnitReportReporter -->
<testsuite skipped="0" hostname="DESKTOP-067VPB8" name="ProductAddToCartFromWishlistRunclass.ProductAddToCartFromWishlistRunclass" tests="1" failures="0" timestamp="2019-11-14T23:35:16 BDT" time="9.018" errors="0">
  <testcase name="Add_To_Cart_From_WishList" time="9.018" classname="ProductAddToCartFromWishlistRunclass.ProductAddToCartFromWishlistRunclass"/>
</testsuite> <!-- ProductAddToCartFromWishlistRunclass.ProductAddToCartFromWishlistRunclass -->
