<?xml version="1.0" encoding="UTF-8"?>
<!-- Generated by org.testng.reporters.JUnitReportReporter -->
<testsuite skipped="0" hostname="DESKTOP-067VPB8" name="registrationAndLoginTest.LogInPageRunClass" tests="1" failures="0" timestamp="2019-11-14T23:42:22 BDT" time="5.044" errors="0">
  <testcase name="loginSuccess_Positive_Test" time="5.044" classname="registrationAndLoginTest.LogInPageRunClass"/>
</testsuite> <!-- registrationAndLoginTest.LogInPageRunClass -->
