<?xml version="1.0" encoding="UTF-8"?>
<!-- Generated by org.testng.reporters.JUnitReportReporter -->
<testsuite skipped="0" hostname="DESKTOP-067VPB8" name="FinalProject.FinalProjectAssignment.RunClass" tests="1" failures="0" timestamp="2019-11-11T19:10:08 BDT" time="5.914" errors="0">
  <testcase name="CheckBox_Is_Not_Clicked__Negative_Test" time="5.914" classname="FinalProject.FinalProjectAssignment.RunClass"/>
</testsuite> <!-- FinalProject.FinalProjectAssignment.RunClass -->
