<?xml version="1.0" encoding="UTF-8"?>
<!-- Generated by org.testng.reporters.JUnitReportReporter -->
<testsuite skipped="0" hostname="DESKTOP-MV38J76" name="run" tests="1" failures="0" timestamp="2020-04-18T23:04:51 BDT" time="23.927" errors="0">
  <testcase name="ruun" time="23.927" classname="run"/>
  <system-out/>
</testsuite> <!-- run -->
