<?xml version="1.0" encoding="UTF-8"?>
<!-- Generated by org.testng.reporters.JUnitReportReporter -->
<testsuite skipped="0" hostname="DESKTOP-067VPB8" name="HistoryTransactionAndDownloadPage.DownloadRunClass" tests="1" failures="0" timestamp="2019-11-14T23:30:45 BDT" time="7.345" errors="0">
  <testcase name="Verify_User_In_Download_Page" time="7.345" classname="HistoryTransactionAndDownloadPage.DownloadRunClass"/>
</testsuite> <!-- HistoryTransactionAndDownloadPage.DownloadRunClass -->
