<?xml version="1.0" encoding="UTF-8"?>
<!-- Generated by org.testng.reporters.JUnitReportReporter -->
<testsuite skipped="0" hostname="DESKTOP-067VPB8" name="HistoryTransactionAndDownloadPage.orderHistoryRunClass" tests="1" failures="0" timestamp="2019-11-14T23:31:17 BDT" time="7.039" errors="0">
  <testcase name="Verify_User_In_orderHistory_Page" time="7.039" classname="HistoryTransactionAndDownloadPage.orderHistoryRunClass"/>
</testsuite> <!-- HistoryTransactionAndDownloadPage.orderHistoryRunClass -->
