<?xml version="1.0" encoding="UTF-8"?>
<!-- Generated by org.testng.reporters.JUnitReportReporter -->
<testsuite skipped="0" hostname="DESKTOP-067VPB8" name="ProductSearchRunclass.ProductSearchRunClasstwo" tests="1" failures="0" timestamp="2019-11-14T23:36:10 BDT" time="2.897" errors="0">
  <testcase name="Product_Searching" time="2.897" classname="ProductSearchRunclass.ProductSearchRunClasstwo"/>
</testsuite> <!-- ProductSearchRunclass.ProductSearchRunClasstwo -->
