<?xml version="1.0" encoding="UTF-8"?>
<!-- Generated by org.testng.reporters.JUnitReportReporter -->
<testsuite skipped="0" hostname="DESKTOP-067VPB8" name="ProductAddToCartFromProductPageRunclass.ProductAddToCartFromProductPageRunclass" tests="1" failures="0" timestamp="2019-11-14T23:34:25 BDT" time="2.607" errors="0">
  <testcase name="Add_Product_To_Cart_From_Product_Page" time="2.607" classname="ProductAddToCartFromProductPageRunclass.ProductAddToCartFromProductPageRunclass"/>
</testsuite> <!-- ProductAddToCartFromProductPageRunclass.ProductAddToCartFromProductPageRunclass -->
