<?xml version="1.0" encoding="UTF-8"?>
<!-- Generated by org.testng.reporters.JUnitReportReporter -->
<testsuite skipped="0" hostname="DESKTOP-067VPB8" name="HistoryTransactionAndDownloadPage.TransactionRunClass" tests="1" failures="0" timestamp="2019-11-14T23:32:18 BDT" time="6.947" errors="0">
  <testcase name="Verify_User_In_Transaction_Page" time="6.947" classname="HistoryTransactionAndDownloadPage.TransactionRunClass"/>
</testsuite> <!-- HistoryTransactionAndDownloadPage.TransactionRunClass -->
