<?xml version="1.0" encoding="UTF-8"?>
<!-- Generated by org.testng.reporters.JUnitReportReporter -->
<testsuite skipped="0" hostname="DESKTOP-MV38J76" name="LoginRunClass.logInRunClass" tests="1" failures="0" timestamp="2020-03-22T21:45:35 BDT" time="4.302" errors="0">
  <testcase name="loginPositive" time="4.302" classname="LoginRunClass.logInRunClass"/>
  <system-out/>
</testsuite> <!-- LoginRunClass.logInRunClass -->
