<?xml version="1.0" encoding="UTF-8"?>
<!-- Generated by org.testng.reporters.JUnitReportReporter -->
<testsuite skipped="0" hostname="DESKTOP-MV38J76" name="com.RunLogin.RunLogin" tests="1" failures="0" timestamp="2020-04-21T21:42:23 BDT" time="5.560" errors="0">
  <testcase name="loginPositiveTest" time="5.560" classname="com.RunLogin.RunLogin"/>
  <system-out/>
</testsuite> <!-- com.RunLogin.RunLogin -->
