<?xml version="1.0" encoding="UTF-8"?>
<!-- Generated by org.testng.reporters.JUnitReportReporter -->
<testsuite skipped="0" hostname="DESKTOP-MV38J76" name="com.RunLogin.RunLogin" tests="1" failures="0" timestamp="2020-03-22T22:25:13 BDT" time="11.972" errors="0">
  <testcase name="loginPositiveTest" time="11.972" classname="com.RunLogin.RunLogin"/>
  <system-out/>
</testsuite> <!-- com.RunLogin.RunLogin -->
